<grid>
    <source>
<!--        <arrayProvider>Hyva\AdminTest\Model\ScalarGridDataProvider</arrayProvider>-->
        <arrayProvider>Hyva\AdminTest\Model\CustomerGridDataProvider</arrayProvider>
    </source>
    <massActions idColumn="id" idsParam="ids">
        <action label="Update" url="*/massActions/update"/>
        <action label="Delete All" url="*/massActions/delete" requireConfirmation="true"/>
    </massActions>
    <actions idColumn="id">
        <action id="edit" label="Edit" url="*/*/edit" idParam="id"/>
        <action id="delete" label="Delete" url="*/*/delete"/>
        <action id="index" label="Reindex" url="admin/dashboard"/>
    </actions>
    <columns rowAction="edit">
        <include>
        </include>
        <exclude>
            <column name="weight"/>
        </exclude>
    </columns>
    <entityConfig>
        <label>
            <singular>Fossa</singular>
            <plural>Fossazas</plural>
        </label>
    </entityConfig>
</grid>
